Started GET "/job_opportunities" for 127.0.0.1 at 2020-07-02 20:18:29 -0300
  [1m[35m (12.5ms)[0m  [1m[34mSELECT "schema_migrations"."version" FROM "schema_migrations" ORDER BY "schema_migrations"."version" ASC[0m
Processing by JobOpportunitiesController#index as HTML
Redirected to http://localhost:3001/
Filter chain halted as :authenticate_visitor_candidate_without_profile rendered or redirected
Completed 302 Found in 70ms (ActiveRecord: 0.0ms | Allocations: 637)


Started GET "/" for 127.0.0.1 at 2020-07-02 20:18:33 -0300
Processing by HomeController#index as HTML
  Rendering home/index.html.erb within layouts/application
  Rendered home/index.html.erb within layouts/application (Duration: 678.5ms | Allocations: 27104)
[Webpacker] Compiling...
[Webpacker] Compiled all packs in /home/diana/vagas/public/packs
[Webpacker] Hash: 15d1bb7b54cf6326b9ba
Version: webpack 4.43.0
Time: 15153ms
Built at: 2020-07-02 20:19:01
                                     Asset       Size       Chunks                         Chunk Names
    js/application-9afcbb5693aa87623e69.js    124 KiB  application  [emitted] [immutable]  application
js/application-9afcbb5693aa87623e69.js.map    139 KiB  application  [emitted] [dev]        application
                             manifest.json  364 bytes               [emitted]              
Entrypoint application = js/application-9afcbb5693aa87623e69.js js/application-9afcbb5693aa87623e69.js.map
[./app/javascript/channels sync recursive _channel\.js$] ./app/javascript/channels sync _channel\.js$ 160 bytes {application} [built]
[./app/javascript/channels/index.js] 211 bytes {application} [built]
[./app/javascript/packs/application.js] 749 bytes {application} [built]
[./node_modules/webpack/buildin/module.js] (webpack)/buildin/module.js 552 bytes {application} [built]
    + 3 hidden modules

Completed 200 OK in 28475ms (Views: 28451.9ms | ActiveRecord: 0.0ms | Allocations: 61564)


Started GET "/headhunters/sign_in" for 127.0.0.1 at 2020-07-02 20:19:13 -0300
Processing by Headhunters::SessionsController#new as HTML
  Rendering headhunters/sessions/new.html.erb within layouts/application
  Rendered headhunters/shared/_links.html.erb (Duration: 9.7ms | Allocations: 639)
  Rendered headhunters/sessions/new.html.erb within layouts/application (Duration: 321.8ms | Allocations: 14376)
[Webpacker] Everything's up-to-date. Nothing to do
Completed 200 OK in 544ms (Views: 409.7ms | ActiveRecord: 55.5ms | Allocations: 34261)


Started GET "/" for 127.0.0.1 at 2020-07-02 20:19:19 -0300
Processing by HomeController#index as HTML
  Rendering home/index.html.erb within layouts/application
  Rendered home/index.html.erb within layouts/application (Duration: 11.1ms | Allocations: 1083)
[Webpacker] Everything's up-to-date. Nothing to do
Completed 200 OK in 111ms (Views: 104.9ms | ActiveRecord: 0.0ms | Allocations: 13074)


